<?xml version="1.0" encoding="UTF-8"?>
<testng-results ignored="0" total="3" passed="3" failed="0" skipped="0">
  <reporter-output>
  </reporter-output>
  <suite started-at="2025-04-29T13:54:39 IST" name="Suite" finished-at="2025-04-29T13:55:23 IST" duration-ms="44208">
    <groups>
    </groups>
    <test started-at="2025-04-29T13:54:39 IST" name="ChromeTest" finished-at="2025-04-29T13:55:02 IST" duration-ms="23123">
      <class name="com.nielseniq.CrossBrowserTest">
        <test-method is-config="true" signature="setup(java.lang.String)[pri:0, instance:com.nielseniq.CrossBrowserTest@25fb8912]" started-at="2025-04-29T13:54:39 IST" name="setup" finished-at="2025-04-29T13:54:59 IST" duration-ms="20181" status="PASS">
          <params>
            <param index="0">
              <value>
                <![CDATA[Chrome]]>
              </value>
            </param>
          </params>
          <reporter-output>
          </reporter-output>
        </test-method> <!-- setup -->
        <test-method signature="loginTest()[pri:0, instance:com.nielseniq.CrossBrowserTest@25fb8912]" started-at="2025-04-29T13:54:59 IST" name="loginTest" finished-at="2025-04-29T13:55:01 IST" duration-ms="2314" status="PASS">
          <reporter-output>
          </reporter-output>
        </test-method> <!-- loginTest -->
        <test-method is-config="true" signature="tearDown()[pri:0, instance:com.nielseniq.CrossBrowserTest@25fb8912]" started-at="2025-04-29T13:55:01 IST" name="tearDown" finished-at="2025-04-29T13:55:02 IST" duration-ms="568" status="PASS">
          <reporter-output>
          </reporter-output>
        </test-method> <!-- tearDown -->
      </class> <!-- com.nielseniq.CrossBrowserTest -->
    </test> <!-- ChromeTest -->
    <test started-at="2025-04-29T13:55:02 IST" name="FirefoxTest" finished-at="2025-04-29T13:55:18 IST" duration-ms="16064">
      <class name="com.nielseniq.CrossBrowserTest">
        <test-method is-config="true" signature="setup(java.lang.String)[pri:0, instance:com.nielseniq.CrossBrowserTest@51c668e3]" started-at="2025-04-29T13:55:02 IST" name="setup" finished-at="2025-04-29T13:55:07 IST" duration-ms="4821" status="PASS">
          <params>
            <param index="0">
              <value>
                <![CDATA[Firefox]]>
              </value>
            </param>
          </params>
          <reporter-output>
          </reporter-output>
        </test-method> <!-- setup -->
        <test-method signature="loginTest()[pri:0, instance:com.nielseniq.CrossBrowserTest@51c668e3]" started-at="2025-04-29T13:55:07 IST" name="loginTest" finished-at="2025-04-29T13:55:11 IST" duration-ms="3960" status="PASS">
          <reporter-output>
          </reporter-output>
        </test-method> <!-- loginTest -->
        <test-method is-config="true" signature="tearDown()[pri:0, instance:com.nielseniq.CrossBrowserTest@51c668e3]" started-at="2025-04-29T13:55:11 IST" name="tearDown" finished-at="2025-04-29T13:55:18 IST" duration-ms="7275" status="PASS">
          <reporter-output>
          </reporter-output>
        </test-method> <!-- tearDown -->
      </class> <!-- com.nielseniq.CrossBrowserTest -->
    </test> <!-- FirefoxTest -->
    <test started-at="2025-04-29T13:55:18 IST" name="SafariTest" finished-at="2025-04-29T13:55:23 IST" duration-ms="4965">
      <class name="com.nielseniq.CrossBrowserTest">
        <test-method is-config="true" signature="setup(java.lang.String)[pri:0, instance:com.nielseniq.CrossBrowserTest@6221a451]" started-at="2025-04-29T13:55:18 IST" name="setup" finished-at="2025-04-29T13:55:19 IST" duration-ms="1295" status="PASS">
          <params>
            <param index="0">
              <value>
                <![CDATA[Safari]]>
              </value>
            </param>
          </params>
          <reporter-output>
          </reporter-output>
        </test-method> <!-- setup -->
        <test-method signature="loginTest()[pri:0, instance:com.nielseniq.CrossBrowserTest@6221a451]" started-at="2025-04-29T13:55:19 IST" name="loginTest" finished-at="2025-04-29T13:55:23 IST" duration-ms="3594" status="PASS">
          <reporter-output>
          </reporter-output>
        </test-method> <!-- loginTest -->
        <test-method is-config="true" signature="tearDown()[pri:0, instance:com.nielseniq.CrossBrowserTest@6221a451]" started-at="2025-04-29T13:55:23 IST" name="tearDown" finished-at="2025-04-29T13:55:23 IST" duration-ms="70" status="PASS">
          <reporter-output>
          </reporter-output>
        </test-method> <!-- tearDown -->
      </class> <!-- com.nielseniq.CrossBrowserTest -->
    </test> <!-- SafariTest -->
  </suite> <!-- Suite -->
</testng-results>
