<?xml version="1.0" encoding="UTF-8"?>
<!-- Generated by org.testng.reporters.JUnitReportReporter -->
<testsuite hostname="INL043275714257" failures="0" tests="3" name="com.nielseniq.CrossBrowserTest" time="44.078" errors="0" timestamp="2025-04-29T13:55:23 IST" skipped="0">
  <testcase classname="com.nielseniq.CrossBrowserTest" name="loginTest" time="23.063"/>
  <testcase classname="com.nielseniq.CrossBrowserTest" name="loginTest" time="16.056"/>
  <testcase classname="com.nielseniq.CrossBrowserTest" name="loginTest" time="4.959"/>
</testsuite> <!-- com.nielseniq.CrossBrowserTest -->
